Using pre-set license
Built from '2022.3/staging' branch; Version is '2022.3.46f1 (8e9b8558c41a) revision 9345925'; Using compiler version '192829333'; Build Type 'Release'
OS: 'Windows 11  (10.0.22631) 64bit Core' Language: 'en' Physical Memory: 7835 MB
BatchMode: 1, IsHumanControllingUs: 0, StartBugReporterOnCrash: 0, Is64bit: 1, IsPro: 1

COMMAND LINE ARGUMENTS:
C:\Program Files\Unity\Hub\Editor\2022.3.46f1\Editor\Unity.exe
-adb2
-batchMode
-noUpm
-name
AssetImportWorker1
-projectPath
C:/Users/thoma/My project (1)
-logFile
Logs/AssetImportWorker1.log
-srvPort
53302
Successfully changed project path to: C:/Users/thoma/My project (1)
C:/Users/thoma/My project (1)
[UnityMemory] Configuration Parameters - Can be set up in boot.config
    "memorysetup-bucket-allocator-granularity=16"
    "memorysetup-bucket-allocator-bucket-count=8"
    "memorysetup-bucket-allocator-block-size=33554432"
    "memorysetup-bucket-allocator-block-count=8"
    "memorysetup-main-allocator-block-size=16777216"
    "memorysetup-thread-allocator-block-size=16777216"
    "memorysetup-gfx-main-allocator-block-size=16777216"
    "memorysetup-gfx-thread-allocator-block-size=16777216"
    "memorysetup-cache-allocator-block-size=4194304"
    "memorysetup-typetree-allocator-block-size=2097152"
    "memorysetup-profiler-bucket-allocator-granularity=16"
    "memorysetup-profiler-bucket-allocator-bucket-count=8"
    "memorysetup-profiler-bucket-allocator-block-size=33554432"
    "memorysetup-profiler-bucket-allocator-block-count=8"
    "memorysetup-profiler-allocator-block-size=16777216"
    "memorysetup-profiler-editor-allocator-block-size=1048576"
    "memorysetup-temp-allocator-size-main=16777216"
    "memorysetup-job-temp-allocator-block-size=2097152"
    "memorysetup-job-temp-allocator-block-size-background=1048576"
    "memorysetup-job-temp-allocator-reduction-small-platforms=262144"
    "memorysetup-allocator-temp-initial-block-size-main=262144"
    "memorysetup-allocator-temp-initial-block-size-worker=262144"
    "memorysetup-temp-allocator-size-background-worker=32768"
    "memorysetup-temp-allocator-size-job-worker=262144"
    "memorysetup-temp-allocator-size-preload-manager=33554432"
    "memorysetup-temp-allocator-size-nav-mesh-worker=65536"
    "memorysetup-temp-allocator-size-audio-worker=65536"
    "memorysetup-temp-allocator-size-cloud-worker=32768"
    "memorysetup-temp-allocator-size-gi-baking-worker=262144"
    "memorysetup-temp-allocator-size-gfx=262144"
Player connection [22052]  Target information:

Player connection [22052]  * "[IP] 192.168.56.1 [Port] 0 [Flags] 2 [Guid] 1238226915 [EditorId] 1238226915 [Version] 1048832 [Id] WindowsEditor(7,Thomas_Laptop) [Debug] 1 [PackageName] WindowsEditor [ProjectName] Editor" 

Player connection [22052]  * "[IP] 172.26.208.1 [Port] 0 [Flags] 2 [Guid] 1238226915 [EditorId] 1238226915 [Version] 1048832 [Id] WindowsEditor(7,Thomas_Laptop) [Debug] 1 [PackageName] WindowsEditor [ProjectName] Editor" 

Player connection [22052]  * "[IP] 192.168.0.60 [Port] 0 [Flags] 2 [Guid] 1238226915 [EditorId] 1238226915 [Version] 1048832 [Id] WindowsEditor(7,Thomas_Laptop) [Debug] 1 [PackageName] WindowsEditor [ProjectName] Editor" 

Unable to join player connection multicast group (err: 10013).
Player connection [22052] Host joined alternative multi-casting on [225.0.0.222:34997]...
[PhysX] Initialized MultithreadedTaskDispatcher with 8 workers.
Refreshing native plugins compatible for Editor in 131.66 ms, found 3 plugins.
Preloading 0 native plugins for Editor in 0.00 ms.
Initialize engine version: 2022.3.46f1 (8e9b8558c41a)
[Subsystems] Discovering subsystems at path C:/Program Files/Unity/Hub/Editor/2022.3.46f1/Editor/Data/Resources/UnitySubsystems
[Subsystems] Discovering subsystems at path C:/Users/thoma/My project (1)/Assets
GfxDevice: creating device client; threaded=0; jobified=0
Direct3D:
    Version:  Direct3D 11.0 [level 11.1]
    Renderer: Intel(R) Iris(R) Xe Graphics (ID=0x9a49)
    Vendor:   Intel
    VRAM:     3917 MB
    Driver:   31.0.101.5186
Initialize mono
Mono path[0] = 'C:/Program Files/Unity/Hub/Editor/2022.3.46f1/Editor/Data/Managed'
Mono path[1] = 'C:/Program Files/Unity/Hub/Editor/2022.3.46f1/Editor/Data/MonoBleedingEdge/lib/mono/unityjit-win32'
Mono config path = 'C:/Program Files/Unity/Hub/Editor/2022.3.46f1/Editor/Data/MonoBleedingEdge/etc'
Using monoOptions --debugger-agent=transport=dt_socket,embedding=1,server=y,suspend=n,address=127.0.0.1:56464
Begin MonoManager ReloadAssembly
Registering precompiled unity dll's ...
Register platform support module: C:/Program Files/Unity/Hub/Editor/2022.3.46f1/Editor/Data/PlaybackEngines/WindowsStandaloneSupport/UnityEditor.WindowsStandalone.Extensions.dll
Registered in 0.023329 seconds.
- Loaded All Assemblies, in  0.924 seconds
Native extension for WindowsStandalone target not found
Mono: successfully reloaded assembly
- Finished resetting the current domain, in  0.487 seconds
Domain Reload Profiling: 1408ms
	BeginReloadAssembly (360ms)
		ExecutionOrderSort (0ms)
		DisableScriptedObjects (0ms)
		BackupInstance (0ms)
		ReleaseScriptingObjects (0ms)
		CreateAndSetChildDomain (2ms)
	RebuildCommonClasses (98ms)
	RebuildNativeTypeToScriptingClass (26ms)
	initialDomainReloadingComplete (196ms)
	LoadAllAssembliesAndSetupDomain (239ms)
		LoadAssemblies (356ms)
		RebuildTransferFunctionScriptingTraits (0ms)
		AnalyzeDomain (234ms)
			TypeCache.Refresh (231ms)
				TypeCache.ScanAssembly (211ms)
			ScanForSourceGeneratedMonoScriptInfo (1ms)
			ResolveRequiredComponents (1ms)
	FinalizeReload (488ms)
		ReleaseScriptCaches (0ms)
		RebuildScriptCaches (0ms)
		SetupLoadedEditorAssemblies (403ms)
			LogAssemblyErrors (0ms)
			InitializePlatformSupportModulesInManaged (18ms)
			SetLoadedEditorAssemblies (12ms)
			RefreshPlugins (0ms)
			BeforeProcessingInitializeOnLoad (4ms)
			ProcessInitializeOnLoadAttributes (265ms)
			ProcessInitializeOnLoadMethodAttributes (104ms)
			AfterProcessingInitializeOnLoad (0ms)
			EditorAssembliesLoaded (0ms)
		ExecutionOrderSort2 (0ms)
		AwakeInstancesAfterBackupRestoration (0ms)
========================================================================
Worker process is ready to serve import requests
Caller must complete domain reload
Begin MonoManager ReloadAssembly
- Loaded All Assemblies, in  1.421 seconds
Native extension for WindowsStandalone target not found
Package Manager log level set to [2]
[Package Manager] Server::EnsureServerProcessIsRunning -- launch failed, reason: Unity was launched with the -noUpm command-line argument
[Package Manager] UpmClient::Send -- Unable to send message (not connected to UPM process).
[Package Manager] Cannot connect to Unity Package Manager local server
Mono: successfully reloaded assembly
- Finished resetting the current domain, in  2.678 seconds
Domain Reload Profiling: 4096ms
	BeginReloadAssembly (284ms)
		ExecutionOrderSort (0ms)
		DisableScriptedObjects (9ms)
		BackupInstance (0ms)
		ReleaseScriptingObjects (0ms)
		CreateAndSetChildDomain (33ms)
	RebuildCommonClasses (51ms)
	RebuildNativeTypeToScriptingClass (17ms)
	initialDomainReloadingComplete (78ms)
	LoadAllAssembliesAndSetupDomain (987ms)
		LoadAssemblies (779ms)
		RebuildTransferFunctionScriptingTraits (0ms)
		AnalyzeDomain (395ms)
			TypeCache.Refresh (348ms)
				TypeCache.ScanAssembly (318ms)
			ScanForSourceGeneratedMonoScriptInfo (32ms)
			ResolveRequiredComponents (12ms)
	FinalizeReload (2679ms)
		ReleaseScriptCaches (0ms)
		RebuildScriptCaches (0ms)
		SetupLoadedEditorAssemblies (2326ms)
			LogAssemblyErrors (0ms)
			InitializePlatformSupportModulesInManaged (17ms)
			SetLoadedEditorAssemblies (9ms)
			RefreshPlugins (0ms)
			BeforeProcessingInitializeOnLoad (165ms)
			ProcessInitializeOnLoadAttributes (2075ms)
			ProcessInitializeOnLoadMethodAttributes (45ms)
			AfterProcessingInitializeOnLoad (15ms)
			EditorAssembliesLoaded (0ms)
		ExecutionOrderSort2 (0ms)
		AwakeInstancesAfterBackupRestoration (14ms)
Launched and connected shader compiler UnityShaderCompiler.exe after 0.13 seconds
Refreshing native plugins compatible for Editor in 26.83 ms, found 3 plugins.
Preloading 0 native plugins for Editor in 0.00 ms.
Unloading 3089 Unused Serialized files (Serialized files now loaded: 0)
Unloading 19 unused Assets / (54.9 KB). Loaded Objects now: 3569.
Memory consumption went from 127.7 MB to 127.6 MB.
Total: 5.099800 ms (FindLiveObjects: 0.546600 ms CreateObjectMapping: 0.246000 ms MarkObjects: 4.121500 ms  DeleteObjects: 0.183600 ms)

AssetImportParameters requested are different than current active one (requested -> active):
  custom:container-demuxer-ogg: 62fdf1f143b41e24485cea50d1cbac27 -> 
  custom:video-decoder-ogg-theora: a1e56fd34408186e4bbccfd4996cb3dc -> 
  custom:framework-win-MediaFoundation: 216162199b28c13a410421893ffa2e32 -> 
  custom:CustomObjectIndexerAttribute: 9a22284fe3817be447336de3de66b15e -> 
  custom:container-demuxer-webm: 4f35f7cbe854078d1ac9338744f61a02 -> 
  custom:container-muxer-webm: aa71ff27fc2769a1b78a27578f13a17b -> 
  custom:video-decoder-webm-vp8: 9c59270c3fd7afecdb556c50c9e8de78 -> 
  custom:SearchIndexIgnoredProperties: e643bd26f0fe6173181afceb89e7c659 -> 
  custom:AudioImporter_EditorPlatform: d09bf68614088b80899f8185d706f6e7 -> 
  custom:video-encoder-webm-vp8: eb34c28f22e8b96e1ab97ce403110664 -> 
  custom:audio-decoder-ogg-vorbis: bf7c407c2cedff20999df2af8eb42d56 -> 
  custom:audio-encoder-webm-vorbis: bf7c407c2cedff20999df2af8eb42d56 -> 
========================================================================
Received Import Request.
  Time since last request: 895929.830940 seconds.
  path: Assets/SimpleNaturePack/Materials/SimpleNaturePack_Texture_01.mat
  artifactKey: Guid(93caadf4359ae8143aad35b3145d31af) Importer(815301076,1909f56bfc062723c751e8b465ee728b)
Start importing Assets/SimpleNaturePack/Materials/SimpleNaturePack_Texture_01.mat using Guid(93caadf4359ae8143aad35b3145d31af) Importer(815301076,1909f56bfc062723c751e8b465ee728b) [PhysX] Initialized MultithreadedTaskDispatcher with 8 workers.
[PhysX] Initialized MultithreadedTaskDispatcher with 8 workers.
 -> (artifact id: '4ad19dabab9a3e111d5535611b264776') in 0.862347 seconds
Number of updated asset objects reloaded before import = 0
Number of asset objects unloaded after import = 2
========================================================================
Received Import Request.
  Time since last request: 6.576118 seconds.
  path: Assets/SimpleNaturePack/Models/Bush_01.fbx
  artifactKey: Guid(d8ea93d2d4757e444a5349f4bc849128) Importer(815301076,1909f56bfc062723c751e8b465ee728b)
Start importing Assets/SimpleNaturePack/Models/Bush_01.fbx using Guid(d8ea93d2d4757e444a5349f4bc849128) Importer(815301076,1909f56bfc062723c751e8b465ee728b) [PhysX] Initialized MultithreadedTaskDispatcher with 8 workers.
[PhysX] Initialized MultithreadedTaskDispatcher with 8 workers.
[PhysX] Initialized MultithreadedTaskDispatcher with 8 workers.
[PhysX] Initialized MultithreadedTaskDispatcher with 8 workers.
[PhysX] Initialized MultithreadedTaskDispatcher with 8 workers.
[PhysX] Initialized MultithreadedTaskDispatcher with 8 workers.
 -> (artifact id: '6f9b78cdb61713a3a8ee55e41502e7a3') in 0.215766 seconds
Number of updated asset objects reloaded before import = 0
Number of asset objects unloaded after import = 15
========================================================================
Received Import Request.
  Time since last request: 0.000058 seconds.
  path: Assets/SimpleNaturePack/Models/Rock_02.fbx
  artifactKey: Guid(3a775dc2c1a334b45a5667a56fe92c23) Importer(815301076,1909f56bfc062723c751e8b465ee728b)
Start importing Assets/SimpleNaturePack/Models/Rock_02.fbx using Guid(3a775dc2c1a334b45a5667a56fe92c23) Importer(815301076,1909f56bfc062723c751e8b465ee728b) [PhysX] Initialized MultithreadedTaskDispatcher with 8 workers.
[PhysX] Initialized MultithreadedTaskDispatcher with 8 workers.
[PhysX] Initialized MultithreadedTaskDispatcher with 8 workers.
 -> (artifact id: '91548b6f36ab406a49eeb93a259451ff') in 0.030286 seconds
Number of updated asset objects reloaded before import = 0
Number of asset objects unloaded after import = 7
========================================================================
Received Import Request.
  Time since last request: 0.000040 seconds.
  path: Assets/SimpleNaturePack/Models/Rock_03.fbx
  artifactKey: Guid(14125b656fb71fd4d9d65bfe344107ad) Importer(815301076,1909f56bfc062723c751e8b465ee728b)
Start importing Assets/SimpleNaturePack/Models/Rock_03.fbx using Guid(14125b656fb71fd4d9d65bfe344107ad) Importer(815301076,1909f56bfc062723c751e8b465ee728b) [PhysX] Initialized MultithreadedTaskDispatcher with 8 workers.
[PhysX] Initialized MultithreadedTaskDispatcher with 8 workers.
[PhysX] Initialized MultithreadedTaskDispatcher with 8 workers.
 -> (artifact id: '8f507181ffa2261f58e2f13ce2910764') in 0.024795 seconds
Number of updated asset objects reloaded before import = 0
Number of asset objects unloaded after import = 7
========================================================================
Received Import Request.
  Time since last request: 0.000031 seconds.
  path: Assets/SimpleNaturePack/Models/Mushroom_01.fbx
  artifactKey: Guid(d062f5c56ffb55c4f832432ada269abe) Importer(815301076,1909f56bfc062723c751e8b465ee728b)
Start importing Assets/SimpleNaturePack/Models/Mushroom_01.fbx using Guid(d062f5c56ffb55c4f832432ada269abe) Importer(815301076,1909f56bfc062723c751e8b465ee728b) [PhysX] Initialized MultithreadedTaskDispatcher with 8 workers.
[PhysX] Initialized MultithreadedTaskDispatcher with 8 workers.
[PhysX] Initialized MultithreadedTaskDispatcher with 8 workers.
[PhysX] Initialized MultithreadedTaskDispatcher with 8 workers.
[PhysX] Initialized MultithreadedTaskDispatcher with 8 workers.
[PhysX] Initialized MultithreadedTaskDispatcher with 8 workers.
 -> (artifact id: '28b5da5fd4f97691781b6db997297c49') in 0.063654 seconds
Number of updated asset objects reloaded before import = 0
Number of asset objects unloaded after import = 15
========================================================================
Received Import Request.
  Time since last request: 0.000033 seconds.
  path: Assets/SimpleNaturePack/Models/Tree_02.fbx
  artifactKey: Guid(4471b1f7f824e4d44887e1364c6fc61a) Importer(815301076,1909f56bfc062723c751e8b465ee728b)
Start importing Assets/SimpleNaturePack/Models/Tree_02.fbx using Guid(4471b1f7f824e4d44887e1364c6fc61a) Importer(815301076,1909f56bfc062723c751e8b465ee728b) [PhysX] Initialized MultithreadedTaskDispatcher with 8 workers.
[PhysX] Initialized MultithreadedTaskDispatcher with 8 workers.
[PhysX] Initialized MultithreadedTaskDispatcher with 8 workers.
[PhysX] Initialized MultithreadedTaskDispatcher with 8 workers.
[PhysX] Initialized MultithreadedTaskDispatcher with 8 workers.
[PhysX] Initialized MultithreadedTaskDispatcher with 8 workers.
 -> (artifact id: 'cfc2ca0cb2d34b1e22c018b04ae990e2') in 0.056647 seconds
Number of updated asset objects reloaded before import = 0
Number of asset objects unloaded after import = 15
========================================================================
Received Import Request.
  Time since last request: 0.000028 seconds.
  path: Assets/SimpleNaturePack/Models/Ground_02.fbx
  artifactKey: Guid(57d3eed6d2253d24994d5ad37e00aedc) Importer(815301076,1909f56bfc062723c751e8b465ee728b)
Start importing Assets/SimpleNaturePack/Models/Ground_02.fbx using Guid(57d3eed6d2253d24994d5ad37e00aedc) Importer(815301076,1909f56bfc062723c751e8b465ee728b) [PhysX] Initialized MultithreadedTaskDispatcher with 8 workers.
[PhysX] Initialized MultithreadedTaskDispatcher with 8 workers.
[PhysX] Initialized MultithreadedTaskDispatcher with 8 workers.
 -> (artifact id: 'a5c591d2e066011f7ee67d2404d2f191') in 0.027894 seconds
Number of updated asset objects reloaded before import = 0
Number of asset objects unloaded after import = 7
========================================================================
Received Import Request.
  Time since last request: 0.000028 seconds.
  path: Assets/SimpleNaturePack/Models/Bush_03.fbx
  artifactKey: Guid(7b5a098d913a3c74692a2a9963dbd3ba) Importer(815301076,1909f56bfc062723c751e8b465ee728b)
Start importing Assets/SimpleNaturePack/Models/Bush_03.fbx using Guid(7b5a098d913a3c74692a2a9963dbd3ba) Importer(815301076,1909f56bfc062723c751e8b465ee728b) [PhysX] Initialized MultithreadedTaskDispatcher with 8 workers.
[PhysX] Initialized MultithreadedTaskDispatcher with 8 workers.
[PhysX] Initialized MultithreadedTaskDispatcher with 8 workers.
[PhysX] Initialized MultithreadedTaskDispatcher with 8 workers.
[PhysX] Initialized MultithreadedTaskDispatcher with 8 workers.
[PhysX] Initialized MultithreadedTaskDispatcher with 8 workers.
 -> (artifact id: 'd2c2053a5e955a4817fa315bc9abc699') in 0.044324 seconds
Number of updated asset objects reloaded before import = 0
Number of asset objects unloaded after import = 15
========================================================================
Received Import Request.
  Time since last request: 0.000043 seconds.
  path: Assets/SimpleNaturePack/Models/Tree_05.fbx
  artifactKey: Guid(603970f97e50c56488ec3c5a6febd940) Importer(815301076,1909f56bfc062723c751e8b465ee728b)
Start importing Assets/SimpleNaturePack/Models/Tree_05.fbx using Guid(603970f97e50c56488ec3c5a6febd940) Importer(815301076,1909f56bfc062723c751e8b465ee728b) [PhysX] Initialized MultithreadedTaskDispatcher with 8 workers.
[PhysX] Initialized MultithreadedTaskDispatcher with 8 workers.
[PhysX] Initialized MultithreadedTaskDispatcher with 8 workers.
[PhysX] Initialized MultithreadedTaskDispatcher with 8 workers.
[PhysX] Initialized MultithreadedTaskDispatcher with 8 workers.
[PhysX] Initialized MultithreadedTaskDispatcher with 8 workers.
 -> (artifact id: '172161868cef4cb17291dd2c4d09434b') in 0.046689 seconds
Number of updated asset objects reloaded before import = 0
Number of asset objects unloaded after import = 15
========================================================================
Received Import Request.
  Time since last request: 0.000042 seconds.
  path: Assets/SimpleNaturePack/Models/Stump_01.fbx
  artifactKey: Guid(768be665aba8b4e4aae7a973ae9616cf) Importer(815301076,1909f56bfc062723c751e8b465ee728b)
Start importing Assets/SimpleNaturePack/Models/Stump_01.fbx using Guid(768be665aba8b4e4aae7a973ae9616cf) Importer(815301076,1909f56bfc062723c751e8b465ee728b) [PhysX] Initialized MultithreadedTaskDispatcher with 8 workers.
[PhysX] Initialized MultithreadedTaskDispatcher with 8 workers.
[PhysX] Initialized MultithreadedTaskDispatcher with 8 workers.
[PhysX] Initialized MultithreadedTaskDispatcher with 8 workers.
[PhysX] Initialized MultithreadedTaskDispatcher with 8 workers.
[PhysX] Initialized MultithreadedTaskDispatcher with 8 workers.
 -> (artifact id: '8ad713c0b5a37e5723c8837c0370adda') in 0.053712 seconds
Number of updated asset objects reloaded before import = 0
Number of asset objects unloaded after import = 15
========================================================================
Received Import Request.
  Time since last request: 0.000048 seconds.
  path: Assets/SimpleNaturePack/Models/Grass_02.fbx
  artifactKey: Guid(638dc165572d2a84081d13ce1afb4d52) Importer(815301076,1909f56bfc062723c751e8b465ee728b)
Start importing Assets/SimpleNaturePack/Models/Grass_02.fbx using Guid(638dc165572d2a84081d13ce1afb4d52) Importer(815301076,1909f56bfc062723c751e8b465ee728b) [PhysX] Initialized MultithreadedTaskDispatcher with 8 workers.
[PhysX] Initialized MultithreadedTaskDispatcher with 8 workers.
[PhysX] Initialized MultithreadedTaskDispatcher with 8 workers.
[PhysX] Initialized MultithreadedTaskDispatcher with 8 workers.
[PhysX] Initialized MultithreadedTaskDispatcher with 8 workers.
[PhysX] Initialized MultithreadedTaskDispatcher with 8 workers.
 -> (artifact id: 'a31862029651812ba957b6660e8a0c1c') in 0.062442 seconds
Number of updated asset objects reloaded before import = 0
Number of asset objects unloaded after import = 15
========================================================================
Received Import Request.
  Time since last request: 0.000030 seconds.
  path: Assets/SimpleNaturePack/Models/Ground_01.fbx
  artifactKey: Guid(d4ad967689295ba4eaf8baeaebc8721b) Importer(815301076,1909f56bfc062723c751e8b465ee728b)
Start importing Assets/SimpleNaturePack/Models/Ground_01.fbx using Guid(d4ad967689295ba4eaf8baeaebc8721b) Importer(815301076,1909f56bfc062723c751e8b465ee728b) [PhysX] Initialized MultithreadedTaskDispatcher with 8 workers.
[PhysX] Initialized MultithreadedTaskDispatcher with 8 workers.
[PhysX] Initialized MultithreadedTaskDispatcher with 8 workers.
 -> (artifact id: '9f83b2a6a1b0ccbf2f7f26edcd7dad84') in 0.023303 seconds
Number of updated asset objects reloaded before import = 0
Number of asset objects unloaded after import = 7
========================================================================
Received Import Request.
  Time since last request: 0.000036 seconds.
  path: Assets/SimpleNaturePack/Models/Rock_01.fbx
  artifactKey: Guid(e9089b1db16b58f4282a94e020b9c0e8) Importer(815301076,1909f56bfc062723c751e8b465ee728b)
Start importing Assets/SimpleNaturePack/Models/Rock_01.fbx using Guid(e9089b1db16b58f4282a94e020b9c0e8) Importer(815301076,1909f56bfc062723c751e8b465ee728b) [PhysX] Initialized MultithreadedTaskDispatcher with 8 workers.
[PhysX] Initialized MultithreadedTaskDispatcher with 8 workers.
[PhysX] Initialized MultithreadedTaskDispatcher with 8 workers.
 -> (artifact id: '52c453b5d392bf6c01e08c5131d751ad') in 0.033330 seconds
Number of updated asset objects reloaded before import = 0
Number of asset objects unloaded after import = 7
========================================================================
Received Import Request.
  Time since last request: 0.000026 seconds.
  path: Assets/SimpleNaturePack/Models/Flowers_01.fbx
  artifactKey: Guid(b5a80b3e2a089b841b155d7c7f461e7c) Importer(815301076,1909f56bfc062723c751e8b465ee728b)
Start importing Assets/SimpleNaturePack/Models/Flowers_01.fbx using Guid(b5a80b3e2a089b841b155d7c7f461e7c) Importer(815301076,1909f56bfc062723c751e8b465ee728b) [PhysX] Initialized MultithreadedTaskDispatcher with 8 workers.
[PhysX] Initialized MultithreadedTaskDispatcher with 8 workers.
[PhysX] Initialized MultithreadedTaskDispatcher with 8 workers.
[PhysX] Initialized MultithreadedTaskDispatcher with 8 workers.
[PhysX] Initialized MultithreadedTaskDispatcher with 8 workers.
[PhysX] Initialized MultithreadedTaskDispatcher with 8 workers.
 -> (artifact id: 'e83119f61a4abbfe7f00da29580e2d0b') in 0.051783 seconds
Number of updated asset objects reloaded before import = 0
Number of asset objects unloaded after import = 15
========================================================================
Received Prepare
Caller must complete domain reload
Begin MonoManager ReloadAssembly
- Loaded All Assemblies, in  9.656 seconds
Native extension for WindowsStandalone target not found
[ScriptCompilation] NOT recompiling all scripts because this is an import worker process. Reason to compile was: Define symbols changed
[Package Manager] Server::EnsureServerProcessIsRunning -- launch failed, reason: Unity was launched with the -noUpm command-line argument
[Package Manager] UpmClient::Send -- Unable to send message (not connected to UPM process).
[Package Manager] Cannot connect to Unity Package Manager local server
Mono: successfully reloaded assembly
- Finished resetting the current domain, in  2.843 seconds
Domain Reload Profiling: 12494ms
	BeginReloadAssembly (3093ms)
		ExecutionOrderSort (0ms)
		DisableScriptedObjects (40ms)
		BackupInstance (0ms)
		ReleaseScriptingObjects (1ms)
		CreateAndSetChildDomain (1585ms)
	RebuildCommonClasses (170ms)
	RebuildNativeTypeToScriptingClass (35ms)
	initialDomainReloadingComplete (104ms)
	LoadAllAssembliesAndSetupDomain (6249ms)
		LoadAssemblies (7234ms)
		RebuildTransferFunctionScriptingTraits (0ms)
		AnalyzeDomain (208ms)
			TypeCache.Refresh (155ms)
				TypeCache.ScanAssembly (104ms)
			ScanForSourceGeneratedMonoScriptInfo (35ms)
			ResolveRequiredComponents (18ms)
	FinalizeReload (2843ms)
		ReleaseScriptCaches (0ms)
		RebuildScriptCaches (0ms)
		SetupLoadedEditorAssemblies (1036ms)
			LogAssemblyErrors (0ms)
			InitializePlatformSupportModulesInManaged (17ms)
			SetLoadedEditorAssemblies (13ms)
			RefreshPlugins (0ms)
			BeforeProcessingInitializeOnLoad (111ms)
			ProcessInitializeOnLoadAttributes (847ms)
			ProcessInitializeOnLoadMethodAttributes (37ms)
			AfterProcessingInitializeOnLoad (12ms)
			EditorAssembliesLoaded (0ms)
		ExecutionOrderSort2 (0ms)
		AwakeInstancesAfterBackupRestoration (12ms)
Refreshing native plugins compatible for Editor in 7.60 ms, found 3 plugins.
Preloading 0 native plugins for Editor in 0.00 ms.
Unloading 3211 Unused Serialized files (Serialized files now loaded: 0)
Unloading 34 unused Assets / (3.6 MB). Loaded Objects now: 3730.
Memory consumption went from 143.6 MB to 140.0 MB.
Total: 11.249700 ms (FindLiveObjects: 0.821500 ms CreateObjectMapping: 0.149500 ms MarkObjects: 8.182100 ms  DeleteObjects: 2.094500 ms)

Prepare: number of updated asset objects reloaded= 0
AssetImportParameters requested are different than current active one (requested -> active):
  custom:scripting/monoscript/fileName/MobileInput.cs: dfa415439f330b7749adb2ef7567c3e4 -> 
  custom:scripting/monoscript/fileName/Water.cs: b8c0dab9600ad6570a1eea8ef24aa664 -> 
  custom:scripting/monoscript/fileName/InputAxisScrollbar.cs: ce23cb16d4e46181bfcdc67e0abad940 -> 
  custom:container-demuxer-ogg: 62fdf1f143b41e24485cea50d1cbac27 -> 
  custom:scripting/monoscript/fileName/PlanarReflectionEditor.cs: ed94d3b3f05fd5fc975e024a9f9d2d2b -> 
  custom:scripting/monoscript/fileName/AeroplaneUserControl4Axis.cs: 4f06f4ef700dd439a594dbbc036b9fa3 -> 
  custom:scripting/monoscript/fileName/ActivateTrigger.cs: c94789aa9e8004cad1e54b531012d83a -> 
  custom:scripting/monoscript/fileName/CarAIControl.cs: d1473508a61a7c22fa581f303c83146a -> 
  custom:scripting/monoscript/fileName/WaypointCircuit.cs: 54e952fb6b763eca02bad0728655deb7 -> 
  custom:scripting/monoscript/fileName/ParticleSystemDestroyer.cs: e9db870dc4c33b83d7965fdc6fe482f5 -> 
  custom:scripting/monoscript/fileName/LandingGear.cs: 7fb64bfd9e273053d29150adadac6d16 -> 
  custom:scripting/monoscript/fileName/ExplosionPhysicsForce.cs: e3d1ad6abc1a34f5a9fd7c32b23969ac -> 
  custom:scripting/monoscript/fileName/CrossPlatformInputInitialize.cs: 957a994b43bb271adc778fbadd721ef1 -> 
  custom:scripting/monoscript/fileName/CrossPlatformInputManager.cs: a6a27da3c2613aab4b889711813fe29f -> 
  custom:scripting/monoscript/fileName/DragRigidbody.cs: af6487145851a9f92f2704a8e0948d6e -> 
  custom:scripting/monoscript/fileName/GerstnerDisplace.cs: 58ca0f7f13edd6f479495063738efd90 -> 
  custom:scripting/monoscript/fileName/SmokeParticles.cs: 5e47247cb641abf97e56ce594b12e84f -> 
  custom:scripting/monoscript/fileName/PlanarReflection.cs: ceeb4349c304b91fba594321f7d48d1d -> 
  custom:scripting/monoscript/fileName/PauseMenu.cs: f5f409f6f97ee1b3b146d50574a93841 -> 
  custom:video-decoder-ogg-theora: a1e56fd34408186e4bbccfd4996cb3dc -> 
  custom:scripting/monoscript/fileName/WaterBasic.cs: af519581c9b5d0d11a445284aee4adb3 -> 
  custom:scripting/monoscript/fileName/ParticleSceneControls.cs: fe2b09e62c7bbd03c0801a178266c687 -> 
  custom:scripting/monoscript/fileName/WaterBaseEditor.cs: 716a5ceb078ae0e05ad78839c549060b -> 
  custom:framework-win-MediaFoundation: 216162199b28c13a410421893ffa2e32 -> 
  custom:scripting/monoscript/fileName/AeroplaneAudio.cs: f7f5e167200e1cab79cb101583c0f507 -> 
  custom:scripting/monoscript/fileName/Camera2DFollow.cs: 36b0e7285d6f6f90fc4dbbcbf9fd584d -> 
  custom:scripting/monoscript/fileName/TouchPad.cs: 71af049078ebd826d8919ba90a4412d3 -> 
  custom:scripting/monoscript/fileName/TiltInput.cs: 298cab2ca5ef1ae659d7256d2dbeb1ed -> 
  custom:scripting/monoscript/fileName/RigidbodyFirstPersonController.cs: 303e518c916e9011e00a96a1504f3543 -> 
  custom:scripting/monoscript/fileName/SmoothFollow.cs: a07fd7df12bc7fba739834867140f167 -> 
  custom:scripting/monoscript/fileName/Ball.cs: c405c7c486f8c791b69a838bad56931d -> 
  custom:scripting/monoscript/fileName/ExtinguishableParticleSystem.cs: e4f67cb5c21ad9e1a057261e7518ba44 -> 
  custom:CustomObjectIndexerAttribute: 9a22284fe3817be447336de3de66b15e -> 
  custom:scripting/monoscript/fileName/AICharacterControl.cs: a5d08ec5093687a59363b0e1fe1fbbf8 -> 
  custom:scripting/monoscript/fileName/DynamicShadowSettings.cs: 325596f0baf85da0d965fea14b11bb8b -> 
  custom:scripting/monoscript/fileName/CurveControlledBob.cs: 90e86216bd5f53d9fe3087ae7bf389f1 -> 
  custom:scripting/monoscript/fileName/AutoMobileShaderSwitch.cs: e55bd94d791efdfd8def29f52dc8447b -> 
  custom:scripting/monoscript/fileName/AlphaButtonClickMask.cs: 0e8b09d4b0d299b77424ad90e670a9d2 -> 
  custom:scripting/monoscript/fileName/CarUserControl.cs: 0f9d03ad84d4a18a367e665baa6a78af -> 
  custom:container-demuxer-webm: 4f35f7cbe854078d1ac9338744f61a02 -> 
  custom:scripting/monoscript/fileName/SpecularLightingEditor.cs: 8629f86e1ee9f2e08dfb5eddbab71070 -> 
  custom:scripting/monoscript/fileName/StandaloneInput.cs: 8cfda68f78df3b7dc3040fdb29fc2cd1 -> 
  custom:scripting/monoscript/fileName/MeshContainer.cs: cd90c1428e9a22c75e32cf6f5df9eca3 -> 
  custom:scripting/monoscript/fileName/CarSelfRighting.cs: 88db1e19f2bf5b2535e6ed223cef213a -> 
  custom:scripting/monoscript/fileName/AbstractTargetFollower.cs: bd8be3102d90dc7625e90c699b9ce143 -> 
  custom:scripting/monoscript/fileName/LevelReset.cs: 5b3de05f029160765e67aa9fdf2ff593 -> 
  custom:scripting/monoscript/fileName/JetParticleEffect.cs: 9e1d229fcfd5effa5ec55873fa75e9c8 -> 
  custom:scripting/monoscript/fileName/FOVKick.cs: c76896347c620802192507d0a92d05a3 -> 
  custom:scripting/monoscript/fileName/TimedObjectActivator.cs: 25495e754d3d277d8e763837b64bf2ba -> 
  custom:scripting/monoscript/fileName/SlowMoButton.cs: c6ae59c217aab3a9d2ee2b1858aa5c89 -> 
  custom:scripting/monoscript/fileName/CameraFollow.cs: a051181a8942461b86eabf953d0b997b -> 
  custom:scripting/monoscript/fileName/AutoCam.cs: 464f4516cbb6dd097ab3ec4329345f37 -> 
  custom:scripting/monoscript/fileName/WaterBase.cs: 1c71b03efcf2702f16d11531fb6cc346 -> 
  custom:scripting/monoscript/fileName/PivotBasedCameraRig.cs: 78e2e6573322fcc55af450266306de6e -> 
  custom:scripting/monoscript/fileName/WaypointProgressTracker.cs: fb6262ee8f74f6dc3758b58e5ee18955 -> 
  custom:scripting/monoscript/fileName/SceneAndURLLoader.cs: 8fec253d0bea8c48c161993d99c5911a -> 
  custom:scripting/monoscript/fileName/ThirdPersonCharacter.cs: 2bfe283923f980e64bf82c42cd6513ec -> 
  custom:scripting/monoscript/fileName/WaterEditorUtility.cs: 9e04db570781127f08ded71ac3abac1d -> 
  custom:scripting/monoscript/fileName/MenuSceneLoader.cs: 4bde5e6a55fe56ffd9261212ca2267e1 -> 
  custom:scripting/monoscript/fileName/SimpleMouseRotator.cs: 9ea47a4777a3a00316a90faf1a6f313d -> 
  custom:container-muxer-webm: aa71ff27fc2769a1b78a27578f13a17b -> 
  custom:scripting/monoscript/fileName/ParticleSystemMultiplier.cs: 8c5eeca5294173db54ffca6ac53ee34e -> 
  custom:scripting/monoscript/fileName/Explosive.cs: a3e9e45cef7576efad31592121584452 -> 
  custom:scripting/monoscript/fileName/TargetFieldOfView.cs: eb0697c079ff84905b5591e4ef59be1b -> 
  custom:video-decoder-webm-vp8: 9c59270c3fd7afecdb556c50c9e8de78 -> 
  custom:scripting/monoscript/fileName/AeroplaneAiControl.cs: 277de552b2c5a95e522df981fffd9b25 -> 
  custom:scripting/monoscript/fileName/CameraRefocus.cs: 2faffd18ce20d29396a11c7a26d00f0b -> 
  custom:scripting/monoscript/fileName/CarAudio.cs: aa1ee0763de0da10633dea358d636dfa -> 
  custom:SearchIndexIgnoredProperties: e643bd26f0fe6173181afceb89e7c659 -> 
  custom:scripting/monoscript/fileName/TimedObjectDestructor.cs: bce1a4bbcc9460c16af8171b93c92130 -> 
  custom:AudioImporter_EditorPlatform: d09bf68614088b80899f8185d706f6e7 -> 
  custom:scripting/monoscript/fileName/MobileControlRig.cs: 3524fff44c8126dee0548f9b6ab19d53 -> 
  custom:scripting/monoscript/fileName/ExplosionFireAndDebris.cs: a4e22a51483f0fec49be7cdf8a5ea062 -> 
  custom:scripting/monoscript/fileName/Mudguard.cs: 9b7eeb35af5a40c2a662dfedda0a637e -> 
  custom:scripting/monoscript/fileName/SpecularLighting.cs: 93c5e1a52fcb85165d00142e35ec4a51 -> 
  custom:scripting/monoscript/fileName/ForcedReset.cs: 5e1472355f934ab888fa0985eb71dfb5 -> 
  custom:scripting/monoscript/fileName/HandHeldCam.cs: 102feb5496df0ea213d53b52e4ec816a -> 
  custom:scripting/monoscript/fileName/AeroplaneControlSurfaceAnimator.cs: 21c229dceda1b70b2049402b7e25af42 -> 
  custom:scripting/monoscript/fileName/EventSystemChecker.cs: 7bccd0826881aa97be03516a055e060b -> 
  custom:scripting/monoscript/fileName/VirtualInput.cs: e290279061a851c625fb61c863776a94 -> 
  custom:scripting/monoscript/fileName/AeroplaneUserControl2Axis.cs: 14515c9b506eace41dcfe397f462d26c -> 
  custom:scripting/monoscript/fileName/WaterHoseParticles.cs: 89cf57233bfde0071976179e25861599 -> 
  custom:scripting/monoscript/fileName/MouseLook.cs: 1413bf4c672f5aacfd2b457b6378eea6 -> 
  custom:scripting/monoscript/fileName/PlatformerCharacter2D.cs: 4addaf30ee88339a30951d7a983b30f0 -> 
  custom:scripting/monoscript/fileName/FPSCounter.cs: 18dc6752cae0b5546ca4b2dc0c7741f5 -> 
  custom:scripting/monoscript/fileName/LerpControlledBob.cs: e3f8ea665fb8f4533c1004d43455b6e7 -> 
  custom:scripting/monoscript/fileName/ButtonHandler.cs: e27d3f4c7505c394dad450c78dd6faf1 -> 
  custom:scripting/monoscript/fileName/PlaceTargetWithMouse.cs: c67ea7b5efc428195bdea612379fb320 -> 
  custom:scripting/monoscript/fileName/LookatTarget.cs: 9e63da8ebe26cdcba5195c51afad6d64 -> 
  custom:scripting/monoscript/fileName/AeroplaneController.cs: e802841375d991beb572904117152dec -> 
  custom:video-encoder-webm-vp8: eb34c28f22e8b96e1ab97ce403110664 -> 
  custom:scripting/monoscript/fileName/CarController.cs: 3071e90b0c01a2ded2b9094f4cf11779 -> 
  custom:audio-decoder-ogg-vorbis: bf7c407c2cedff20999df2af8eb42d56 -> 
  custom:scripting/monoscript/fileName/AfterburnerPhysicsForce.cs: d44e6931e774df3223b064db5fc768f4 -> 
  custom:scripting/monoscript/fileName/AeroplanePropellerAnimator.cs: 84bd209e8ba18a6550a24cd77f1667cd -> 
  custom:scripting/monoscript/fileName/Displace.cs: debaf57a988ffced341fa9be9a1f467a -> 
  custom:scripting/monoscript/fileName/CameraSwitch.cs: ba0afd07e0e59d5fe4f2d137de4bf8fa -> 
  custom:scripting/monoscript/fileName/AxisTouchButton.cs: 31be56f36d53422fd33aa4f9a14e630a -> 
  custom:scripting/monoscript/fileName/BrakeLight.cs: d9c43423d60272a1a08a7f617ec6b90f -> 
  custom:scripting/monoscript/fileName/FollowTarget.cs: 93be4c02dc2bee8af48e06a6c7c2e042 -> 
  custom:scripting/monoscript/fileName/Suspension.cs: d0fad4d3b288fb340503b94a9a30ea10 -> 
  custom:scripting/monoscript/fileName/FireLight.cs: b74a4fa8a2202d735c0c1ea18b63e4e3 -> 
  custom:scripting/monoscript/fileName/FirstPersonController.cs: 4fa5841f7a7dfdfcf291c3718c4ae3a2 -> 
  custom:scripting/monoscript/fileName/ProtectCameraFromWallClip.cs: ef7fc4ea61944018670342bc7b71227c -> 
  custom:scripting/monoscript/fileName/SkidTrail.cs: 95010d8327f7ec969197e1e10813347d -> 
  custom:scripting/monoscript/fileName/Joystick.cs: b54db918c885c01940a25acda1acd280 -> 
  custom:scripting/monoscript/fileName/BallUserControl.cs: 9743cadab53965ad5e73baf18187d830 -> 
  custom:scripting/monoscript/fileName/FreeLookCam.cs: ec7e447c8320099965c5f3bd81473d66 -> 
  custom:audio-encoder-webm-vorbis: bf7c407c2cedff20999df2af8eb42d56 -> 
  custom:scripting/monoscript/fileName/PlatformSpecificContent.cs: 5abb8e8ef7a06ce1842fe9ff26eac2dd -> 
  custom:scripting/precompiled-assembly-types:Assembly-CSharp-Editor: c969d283e52901008e56c714e3abec88 -> 
  custom:scripting/monoscript/fileName/AutoMoveAndRotate.cs: ca0e96f72f32239308122375a052b980 -> 
  custom:scripting/monoscript/fileName/WaterTile.cs: 0447e9d696de6e046464b5cef265f663 -> 
  custom:scripting/monoscript/fileName/ThirdPersonUserControl.cs: e55dad970175c9485c04ecbb87a3ac80 -> 
  custom:scripting/precompiled-assembly-types:Assembly-CSharp: 30077f279539f8711da7d06f8bcb9654 -> 
  custom:scripting/monoscript/fileName/Hose.cs: c8fd2412a0d6a1fdbc6b0e572bd14e28 -> 
  custom:scripting/monoscript/fileName/HeadBob.cs: fde5c6524c06827dce9419ce121f4f6b -> 
  custom:scripting/monoscript/fileName/ObjectResetter.cs: 037abf2de53ab0026436c32f7a941658 -> 
  custom:scripting/monoscript/fileName/GerstnerDisplaceEditor.cs: 72d35297308bd299cac852a206b722ae -> 
  custom:scripting/monoscript/fileName/Restarter.cs: f04be04f6655050adbb7cd8ed5faf27f -> 
  custom:scripting/monoscript/fileName/Platformer2DUserControl.cs: a50f723067caa1c8938ae9953000bd49 -> 
  custom:scripting/monoscript/fileName/WheelEffects.cs: 3e8d23c4da089aaf7c65f9593b57f775 -> 
========================================================================
Received Prepare
Caller must complete domain reload
Begin MonoManager ReloadAssembly
- Loaded All Assemblies, in  2.743 seconds
Native extension for WindowsStandalone target not found
[ScriptCompilation] NOT recompiling all scripts because this is an import worker process. Reason to compile was: Define symbols changed
[Package Manager] Server::EnsureServerProcessIsRunning -- launch failed, reason: Unity was launched with the -noUpm command-line argument
[Package Manager] UpmClient::Send -- Unable to send message (not connected to UPM process).
[Package Manager] Cannot connect to Unity Package Manager local server
Mono: successfully reloaded assembly
- Finished resetting the current domain, in  1.353 seconds
Domain Reload Profiling: 4093ms
	BeginReloadAssembly (2311ms)
		ExecutionOrderSort (0ms)
		DisableScriptedObjects (8ms)
		BackupInstance (0ms)
		ReleaseScriptingObjects (0ms)
		CreateAndSetChildDomain (376ms)
	RebuildCommonClasses (43ms)
	RebuildNativeTypeToScriptingClass (14ms)
	initialDomainReloadingComplete (49ms)
	LoadAllAssembliesAndSetupDomain (323ms)
		LoadAssemblies (2090ms)
		RebuildTransferFunctionScriptingTraits (0ms)
		AnalyzeDomain (15ms)
			TypeCache.Refresh (7ms)
				TypeCache.ScanAssembly (0ms)
			ScanForSourceGeneratedMonoScriptInfo (0ms)
			ResolveRequiredComponents (7ms)
	FinalizeReload (1353ms)
		ReleaseScriptCaches (0ms)
		RebuildScriptCaches (0ms)
		SetupLoadedEditorAssemblies (841ms)
			LogAssemblyErrors (0ms)
			InitializePlatformSupportModulesInManaged (6ms)
			SetLoadedEditorAssemblies (3ms)
			RefreshPlugins (0ms)
			BeforeProcessingInitializeOnLoad (86ms)
			ProcessInitializeOnLoadAttributes (712ms)
			ProcessInitializeOnLoadMethodAttributes (24ms)
			AfterProcessingInitializeOnLoad (9ms)
			EditorAssembliesLoaded (0ms)
		ExecutionOrderSort2 (0ms)
		AwakeInstancesAfterBackupRestoration (9ms)
Refreshing native plugins compatible for Editor in 3.90 ms, found 3 plugins.
Preloading 0 native plugins for Editor in 0.00 ms.
Unloading 3210 Unused Serialized files (Serialized files now loaded: 0)
Unloading 34 unused Assets / (3.7 MB). Loaded Objects now: 3733.
Memory consumption went from 143.4 MB to 139.7 MB.
Total: 6.122400 ms (FindLiveObjects: 0.330800 ms CreateObjectMapping: 0.167900 ms MarkObjects: 3.362500 ms  DeleteObjects: 2.260000 ms)

Prepare: number of updated asset objects reloaded= 0
AssetImportParameters requested are different than current active one (requested -> active):
  custom:scripting/monoscript/fileName/MobileInput.cs: dfa415439f330b7749adb2ef7567c3e4 -> 
  custom:scripting/monoscript/fileName/Water.cs: b8c0dab9600ad6570a1eea8ef24aa664 -> 
  custom:scripting/monoscript/fileName/InputAxisScrollbar.cs: ce23cb16d4e46181bfcdc67e0abad940 -> 
  custom:container-demuxer-ogg: 62fdf1f143b41e24485cea50d1cbac27 -> 
  custom:scripting/monoscript/fileName/PlanarReflectionEditor.cs: ed94d3b3f05fd5fc975e024a9f9d2d2b -> 
  custom:scripting/monoscript/fileName/AeroplaneUserControl4Axis.cs: 4f06f4ef700dd439a594dbbc036b9fa3 -> 
  custom:scripting/monoscript/fileName/ActivateTrigger.cs: c94789aa9e8004cad1e54b531012d83a -> 
  custom:scripting/monoscript/fileName/CarAIControl.cs: d1473508a61a7c22fa581f303c83146a -> 
  custom:scripting/monoscript/fileName/WaypointCircuit.cs: 54e952fb6b763eca02bad0728655deb7 -> 
  custom:scripting/monoscript/fileName/ParticleSystemDestroyer.cs: e9db870dc4c33b83d7965fdc6fe482f5 -> 
  custom:scripting/monoscript/fileName/LandingGear.cs: 7fb64bfd9e273053d29150adadac6d16 -> 
  custom:scripting/monoscript/fileName/ExplosionPhysicsForce.cs: e3d1ad6abc1a34f5a9fd7c32b23969ac -> 
  custom:scripting/monoscript/fileName/CrossPlatformInputInitialize.cs: 957a994b43bb271adc778fbadd721ef1 -> 
  custom:scripting/monoscript/fileName/CrossPlatformInputManager.cs: a6a27da3c2613aab4b889711813fe29f -> 
  custom:scripting/monoscript/fileName/DragRigidbody.cs: af6487145851a9f92f2704a8e0948d6e -> 
  custom:scripting/monoscript/fileName/GerstnerDisplace.cs: 58ca0f7f13edd6f479495063738efd90 -> 
  custom:scripting/monoscript/fileName/SmokeParticles.cs: 5e47247cb641abf97e56ce594b12e84f -> 
  custom:scripting/monoscript/fileName/PlanarReflection.cs: ceeb4349c304b91fba594321f7d48d1d -> 
  custom:scripting/monoscript/fileName/PauseMenu.cs: f5f409f6f97ee1b3b146d50574a93841 -> 
  custom:video-decoder-ogg-theora: a1e56fd34408186e4bbccfd4996cb3dc -> 
  custom:scripting/monoscript/fileName/WaterBasic.cs: af519581c9b5d0d11a445284aee4adb3 -> 
  custom:scripting/monoscript/fileName/ParticleSceneControls.cs: fe2b09e62c7bbd03c0801a178266c687 -> 
  custom:scripting/monoscript/fileName/WaterBaseEditor.cs: 716a5ceb078ae0e05ad78839c549060b -> 
  custom:framework-win-MediaFoundation: 216162199b28c13a410421893ffa2e32 -> 
  custom:scripting/monoscript/fileName/AeroplaneAudio.cs: f7f5e167200e1cab79cb101583c0f507 -> 
  custom:scripting/monoscript/fileName/Camera2DFollow.cs: 36b0e7285d6f6f90fc4dbbcbf9fd584d -> 
  custom:scripting/monoscript/fileName/TouchPad.cs: 71af049078ebd826d8919ba90a4412d3 -> 
  custom:scripting/monoscript/fileName/TiltInput.cs: 298cab2ca5ef1ae659d7256d2dbeb1ed -> 
  custom:scripting/monoscript/fileName/RigidbodyFirstPersonController.cs: 303e518c916e9011e00a96a1504f3543 -> 
  custom:scripting/monoscript/fileName/SmoothFollow.cs: a07fd7df12bc7fba739834867140f167 -> 
  custom:scripting/monoscript/fileName/Ball.cs: c405c7c486f8c791b69a838bad56931d -> 
  custom:scripting/monoscript/fileName/ExtinguishableParticleSystem.cs: e4f67cb5c21ad9e1a057261e7518ba44 -> 
  custom:CustomObjectIndexerAttribute: 9a22284fe3817be447336de3de66b15e -> 
  custom:scripting/monoscript/fileName/AICharacterControl.cs: a5d08ec5093687a59363b0e1fe1fbbf8 -> 
  custom:scripting/monoscript/fileName/DynamicShadowSettings.cs: 325596f0baf85da0d965fea14b11bb8b -> 
  custom:scripting/monoscript/fileName/CurveControlledBob.cs: 90e86216bd5f53d9fe3087ae7bf389f1 -> 
  custom:scripting/monoscript/fileName/AutoMobileShaderSwitch.cs: e55bd94d791efdfd8def29f52dc8447b -> 
  custom:scripting/monoscript/fileName/AlphaButtonClickMask.cs: 0e8b09d4b0d299b77424ad90e670a9d2 -> 
  custom:scripting/monoscript/fileName/CarUserControl.cs: 0f9d03ad84d4a18a367e665baa6a78af -> 
  custom:container-demuxer-webm: 4f35f7cbe854078d1ac9338744f61a02 -> 
  custom:scripting/monoscript/fileName/SpecularLightingEditor.cs: 8629f86e1ee9f2e08dfb5eddbab71070 -> 
  custom:scripting/monoscript/fileName/StandaloneInput.cs: 8cfda68f78df3b7dc3040fdb29fc2cd1 -> 
  custom:scripting/monoscript/fileName/MeshContainer.cs: cd90c1428e9a22c75e32cf6f5df9eca3 -> 
  custom:scripting/monoscript/fileName/CarSelfRighting.cs: 88db1e19f2bf5b2535e6ed223cef213a -> 
  custom:scripting/monoscript/fileName/AbstractTargetFollower.cs: bd8be3102d90dc7625e90c699b9ce143 -> 
  custom:scripting/monoscript/fileName/LevelReset.cs: 5b3de05f029160765e67aa9fdf2ff593 -> 
  custom:scripting/monoscript/fileName/JetParticleEffect.cs: 9e1d229fcfd5effa5ec55873fa75e9c8 -> 
  custom:scripting/monoscript/fileName/FOVKick.cs: c76896347c620802192507d0a92d05a3 -> 
  custom:scripting/monoscript/fileName/TimedObjectActivator.cs: 25495e754d3d277d8e763837b64bf2ba -> 
  custom:scripting/monoscript/fileName/SlowMoButton.cs: c6ae59c217aab3a9d2ee2b1858aa5c89 -> 
  custom:scripting/monoscript/fileName/CameraFollow.cs: a051181a8942461b86eabf953d0b997b -> 
  custom:scripting/monoscript/fileName/AutoCam.cs: 464f4516cbb6dd097ab3ec4329345f37 -> 
  custom:scripting/monoscript/fileName/WaterBase.cs: 1c71b03efcf2702f16d11531fb6cc346 -> 
  custom:scripting/monoscript/fileName/PivotBasedCameraRig.cs: 78e2e6573322fcc55af450266306de6e -> 
  custom:scripting/monoscript/fileName/WaypointProgressTracker.cs: fb6262ee8f74f6dc3758b58e5ee18955 -> 
  custom:scripting/monoscript/fileName/SceneAndURLLoader.cs: 8fec253d0bea8c48c161993d99c5911a -> 
  custom:scripting/monoscript/fileName/ThirdPersonCharacter.cs: 2bfe283923f980e64bf82c42cd6513ec -> 
  custom:scripting/monoscript/fileName/WaterEditorUtility.cs: 9e04db570781127f08ded71ac3abac1d -> 
  custom:scripting/monoscript/fileName/MenuSceneLoader.cs: 4bde5e6a55fe56ffd9261212ca2267e1 -> 
  custom:scripting/monoscript/fileName/SimpleMouseRotator.cs: 9ea47a4777a3a00316a90faf1a6f313d -> 
  custom:container-muxer-webm: aa71ff27fc2769a1b78a27578f13a17b -> 
  custom:scripting/monoscript/fileName/ParticleSystemMultiplier.cs: 8c5eeca5294173db54ffca6ac53ee34e -> 
  custom:scripting/monoscript/fileName/Explosive.cs: a3e9e45cef7576efad31592121584452 -> 
  custom:scripting/monoscript/fileName/TargetFieldOfView.cs: eb0697c079ff84905b5591e4ef59be1b -> 
  custom:video-decoder-webm-vp8: 9c59270c3fd7afecdb556c50c9e8de78 -> 
  custom:scripting/monoscript/fileName/AeroplaneAiControl.cs: 277de552b2c5a95e522df981fffd9b25 -> 
  custom:scripting/monoscript/fileName/CameraRefocus.cs: 2faffd18ce20d29396a11c7a26d00f0b -> 
  custom:scripting/monoscript/fileName/CarAudio.cs: aa1ee0763de0da10633dea358d636dfa -> 
  custom:SearchIndexIgnoredProperties: e643bd26f0fe6173181afceb89e7c659 -> 
  custom:scripting/monoscript/fileName/TimedObjectDestructor.cs: bce1a4bbcc9460c16af8171b93c92130 -> 
  custom:AudioImporter_EditorPlatform: d09bf68614088b80899f8185d706f6e7 -> 
  custom:scripting/monoscript/fileName/MobileControlRig.cs: 3524fff44c8126dee0548f9b6ab19d53 -> 
  custom:scripting/monoscript/fileName/ExplosionFireAndDebris.cs: a4e22a51483f0fec49be7cdf8a5ea062 -> 
  custom:scripting/monoscript/fileName/Mudguard.cs: 9b7eeb35af5a40c2a662dfedda0a637e -> 
  custom:scripting/monoscript/fileName/SpecularLighting.cs: 93c5e1a52fcb85165d00142e35ec4a51 -> 
  custom:scripting/monoscript/fileName/ForcedReset.cs: 5e1472355f934ab888fa0985eb71dfb5 -> 
  custom:scripting/monoscript/fileName/HandHeldCam.cs: 102feb5496df0ea213d53b52e4ec816a -> 
  custom:scripting/monoscript/fileName/AeroplaneControlSurfaceAnimator.cs: 21c229dceda1b70b2049402b7e25af42 -> 
  custom:scripting/monoscript/fileName/EventSystemChecker.cs: 7bccd0826881aa97be03516a055e060b -> 
  custom:scripting/monoscript/fileName/VirtualInput.cs: e290279061a851c625fb61c863776a94 -> 
  custom:scripting/monoscript/fileName/AeroplaneUserControl2Axis.cs: 14515c9b506eace41dcfe397f462d26c -> 
  custom:scripting/monoscript/fileName/WaterHoseParticles.cs: 89cf57233bfde0071976179e25861599 -> 
  custom:scripting/monoscript/fileName/MouseLook.cs: 1413bf4c672f5aacfd2b457b6378eea6 -> 
  custom:scripting/monoscript/fileName/PlatformerCharacter2D.cs: 4addaf30ee88339a30951d7a983b30f0 -> 
  custom:scripting/monoscript/fileName/FPSCounter.cs: 18dc6752cae0b5546ca4b2dc0c7741f5 -> 
  custom:scripting/monoscript/fileName/LerpControlledBob.cs: e3f8ea665fb8f4533c1004d43455b6e7 -> 
  custom:scripting/monoscript/fileName/ButtonHandler.cs: e27d3f4c7505c394dad450c78dd6faf1 -> 
  custom:scripting/monoscript/fileName/PlaceTargetWithMouse.cs: c67ea7b5efc428195bdea612379fb320 -> 
  custom:scripting/monoscript/fileName/LookatTarget.cs: 9e63da8ebe26cdcba5195c51afad6d64 -> 
  custom:scripting/monoscript/fileName/AeroplaneController.cs: e802841375d991beb572904117152dec -> 
  custom:video-encoder-webm-vp8: eb34c28f22e8b96e1ab97ce403110664 -> 
  custom:scripting/monoscript/fileName/CarController.cs: 3071e90b0c01a2ded2b9094f4cf11779 -> 
  custom:audio-decoder-ogg-vorbis: bf7c407c2cedff20999df2af8eb42d56 -> 
  custom:scripting/monoscript/fileName/AfterburnerPhysicsForce.cs: d44e6931e774df3223b064db5fc768f4 -> 
  custom:scripting/monoscript/fileName/AeroplanePropellerAnimator.cs: 84bd209e8ba18a6550a24cd77f1667cd -> 
  custom:scripting/monoscript/fileName/Displace.cs: debaf57a988ffced341fa9be9a1f467a -> 
  custom:scripting/monoscript/fileName/CameraSwitch.cs: ba0afd07e0e59d5fe4f2d137de4bf8fa -> 
  custom:scripting/monoscript/fileName/AxisTouchButton.cs: 31be56f36d53422fd33aa4f9a14e630a -> 
  custom:scripting/monoscript/fileName/BrakeLight.cs: d9c43423d60272a1a08a7f617ec6b90f -> 
  custom:scripting/monoscript/fileName/FollowTarget.cs: 93be4c02dc2bee8af48e06a6c7c2e042 -> 
  custom:scripting/monoscript/fileName/Suspension.cs: d0fad4d3b288fb340503b94a9a30ea10 -> 
  custom:scripting/monoscript/fileName/FireLight.cs: b74a4fa8a2202d735c0c1ea18b63e4e3 -> 
  custom:scripting/monoscript/fileName/FirstPersonController.cs: 4fa5841f7a7dfdfcf291c3718c4ae3a2 -> 
  custom:scripting/monoscript/fileName/ProtectCameraFromWallClip.cs: ef7fc4ea61944018670342bc7b71227c -> 
  custom:scripting/monoscript/fileName/SkidTrail.cs: 95010d8327f7ec969197e1e10813347d -> 
  custom:scripting/monoscript/fileName/Joystick.cs: b54db918c885c01940a25acda1acd280 -> 
  custom:scripting/monoscript/fileName/BallUserControl.cs: 9743cadab53965ad5e73baf18187d830 -> 
  custom:scripting/monoscript/fileName/FreeLookCam.cs: ec7e447c8320099965c5f3bd81473d66 -> 
  custom:audio-encoder-webm-vorbis: bf7c407c2cedff20999df2af8eb42d56 -> 
  custom:scripting/monoscript/fileName/PlatformSpecificContent.cs: 5abb8e8ef7a06ce1842fe9ff26eac2dd -> 
  custom:scripting/precompiled-assembly-types:Assembly-CSharp-Editor: c969d283e52901008e56c714e3abec88 -> 
  custom:scripting/monoscript/fileName/AutoMoveAndRotate.cs: ca0e96f72f32239308122375a052b980 -> 
  custom:scripting/monoscript/fileName/WaterTile.cs: 0447e9d696de6e046464b5cef265f663 -> 
  custom:scripting/monoscript/fileName/ThirdPersonUserControl.cs: e55dad970175c9485c04ecbb87a3ac80 -> 
  custom:scripting/precompiled-assembly-types:Assembly-CSharp: 30077f279539f8711da7d06f8bcb9654 -> 
  custom:scripting/monoscript/fileName/Hose.cs: c8fd2412a0d6a1fdbc6b0e572bd14e28 -> 
  custom:scripting/monoscript/fileName/HeadBob.cs: fde5c6524c06827dce9419ce121f4f6b -> 
  custom:scripting/monoscript/fileName/ObjectResetter.cs: 037abf2de53ab0026436c32f7a941658 -> 
  custom:scripting/monoscript/fileName/GerstnerDisplaceEditor.cs: 72d35297308bd299cac852a206b722ae -> 
  custom:scripting/monoscript/fileName/Restarter.cs: f04be04f6655050adbb7cd8ed5faf27f -> 
  custom:scripting/monoscript/fileName/Platformer2DUserControl.cs: a50f723067caa1c8938ae9953000bd49 -> 
  custom:scripting/monoscript/fileName/WheelEffects.cs: 3e8d23c4da089aaf7c65f9593b57f775 -> 
========================================================================
Received Import Request.
  Time since last request: 641.116676 seconds.
  path: Assets/Standard Assets (1)/Standard Assets/Environment/TerrainAssets/SurfaceTextures/dirtSeamless.jpg
  artifactKey: Guid(c11a86ea61b64054580a3c7712c77489) Importer(815301076,1909f56bfc062723c751e8b465ee728b)
Start importing Assets/Standard Assets (1)/Standard Assets/Environment/TerrainAssets/SurfaceTextures/dirtSeamless.jpg using Guid(c11a86ea61b64054580a3c7712c77489) Importer(815301076,1909f56bfc062723c751e8b465ee728b) [PhysX] Initialized MultithreadedTaskDispatcher with 8 workers.
[PhysX] Initialized MultithreadedTaskDispatcher with 8 workers.
 -> (artifact id: 'e0c47822307c3d576a68b68589bf5aaa') in 0.126861 seconds
Number of updated asset objects reloaded before import = 0
Number of asset objects unloaded after import = 2
========================================================================
Received Import Request.
  Time since last request: 0.000063 seconds.
  path: Assets/Standard Assets (1)/Standard Assets/Environment/TerrainAssets/SurfaceTextures/MudRockyAlbedoSpecular.bmp
  artifactKey: Guid(ef5c51cfa2ce46043a41a376b560c525) Importer(815301076,1909f56bfc062723c751e8b465ee728b)
Start importing Assets/Standard Assets (1)/Standard Assets/Environment/TerrainAssets/SurfaceTextures/MudRockyAlbedoSpecular.bmp using Guid(ef5c51cfa2ce46043a41a376b560c525) Importer(815301076,1909f56bfc062723c751e8b465ee728b) [PhysX] Initialized MultithreadedTaskDispatcher with 8 workers.
[PhysX] Initialized MultithreadedTaskDispatcher with 8 workers.
 -> (artifact id: '8e2d4f3f30c57d4b7cf7d84be144f186') in 0.026816 seconds
Number of updated asset objects reloaded before import = 0
Number of asset objects unloaded after import = 2
========================================================================
Received Import Request.
  Time since last request: 0.000029 seconds.
  path: Assets/Standard Assets (1)/Standard Assets/Environment/TerrainAssets/SurfaceTextures/MudRockyNormals.bmp
  artifactKey: Guid(58a059b07b093a745b47c2191525ddce) Importer(815301076,1909f56bfc062723c751e8b465ee728b)
Start importing Assets/Standard Assets (1)/Standard Assets/Environment/TerrainAssets/SurfaceTextures/MudRockyNormals.bmp using Guid(58a059b07b093a745b47c2191525ddce) Importer(815301076,1909f56bfc062723c751e8b465ee728b) [PhysX] Initialized MultithreadedTaskDispatcher with 8 workers.
[PhysX] Initialized MultithreadedTaskDispatcher with 8 workers.
 -> (artifact id: '0dd815e52696eea97745ffc78f329053') in 0.043940 seconds
Number of updated asset objects reloaded before import = 0
Number of asset objects unloaded after import = 2
========================================================================
Received Import Request.
  Time since last request: 0.000038 seconds.
  path: Assets/Standard Assets (1)/Standard Assets/Environment/TerrainAssets/SurfaceTextures/GrassHillAlbedo.psd
  artifactKey: Guid(c6e0767b1f8c34890ac245217f4b9731) Importer(815301076,1909f56bfc062723c751e8b465ee728b)
Start importing Assets/Standard Assets (1)/Standard Assets/Environment/TerrainAssets/SurfaceTextures/GrassHillAlbedo.psd using Guid(c6e0767b1f8c34890ac245217f4b9731) Importer(815301076,1909f56bfc062723c751e8b465ee728b) [PhysX] Initialized MultithreadedTaskDispatcher with 8 workers.
[PhysX] Initialized MultithreadedTaskDispatcher with 8 workers.
 -> (artifact id: '344f94ef373c0d2e05d9789c977077ff') in 0.014940 seconds
Number of updated asset objects reloaded before import = 0
Number of asset objects unloaded after import = 2
========================================================================
Received Import Request.
  Time since last request: 1862.068640 seconds.
  path: Assets/Standard Assets (1)/Standard Assets/Vehicles/Aircraft/Textures/AircraftWingsJetNormals.png
  artifactKey: Guid(f7c27487b4792e640b8816a7e0e2f5dd) Importer(815301076,1909f56bfc062723c751e8b465ee728b)
Start importing Assets/Standard Assets (1)/Standard Assets/Vehicles/Aircraft/Textures/AircraftWingsJetNormals.png using Guid(f7c27487b4792e640b8816a7e0e2f5dd) Importer(815301076,1909f56bfc062723c751e8b465ee728b) [PhysX] Initialized MultithreadedTaskDispatcher with 8 workers.
[PhysX] Initialized MultithreadedTaskDispatcher with 8 workers.
 -> (artifact id: 'd62f5e07e8fb5b4a0cd5d89a25c91204') in 0.231501 seconds
Number of updated asset objects reloaded before import = 0
Number of asset objects unloaded after import = 2
========================================================================
Received Import Request.
  Time since last request: 250.345463 seconds.
  path: Assets/MyLayers/NewLayer 1.terrainlayer
  artifactKey: Guid(344b549afe9ced248b8c14d55548fcae) Importer(815301076,1909f56bfc062723c751e8b465ee728b)
Start importing Assets/MyLayers/NewLayer 1.terrainlayer using Guid(344b549afe9ced248b8c14d55548fcae) Importer(815301076,1909f56bfc062723c751e8b465ee728b) [PhysX] Initialized MultithreadedTaskDispatcher with 8 workers.
 -> (artifact id: '7051d0dbde74c5a5c15075f46847a00e') in 0.190322 seconds
Number of updated asset objects reloaded before import = 0
Number of asset objects unloaded after import = 2
